# JRE version: Java(TM) SE Runtime Environment (8.0_71-b15) (build 1.8.0_71-b15)
# Java VM: Java HotSpot(TM) Client VM (25.71-b15 mixed mode windows-x86 )
Heap:
 def new generation   total 9024K, used 3830K [0x04800000, 0x051c0000, 0x09d50000)
  eden space 8064K,  40% used [0x04800000, 0x04b361d0, 0x04fe0000)
  from space 960K,  56% used [0x050d0000, 0x051576a8, 0x051c0000)
  to   space 960K,   0% used [0x04fe0000, 0x04fe0000, 0x050d0000)
 tenured generation   total 19888K, used 19868K [0x09d50000, 0x0b0bc000, 0x14800000)
   the space 19888K,  99% used [0x09d50000, 0x0b0b7158, 0x0b0b7200, 0x0b0bc000)
 Metaspace       used 19173K, capacity 19421K, committed 19584K, reserved 19840K
GC Heap History (10 events):
Event: 9.207 GC heap before
{Heap before GC invocations=65 (full 2):
 def new generation   total 9024K, used 8446K [0x04800000, 0x051c0000, 0x09d50000)
  eden space 8064K, 100% used [0x04800000, 0x04fe0000, 0x04fe0000)
  from space 960K,  39% used [0x04fe0000, 0x0503f900, 0x050d0000)
  to   space 960K,   0% used [0x050d0000, 0x050d0000, 0x051c0000)
 tenured generation   total 19888K, used 18368K [0x09d50000, 0x0b0bc000, 0x14800000)
   the space 19888K,  92% used [0x09d50000, 0x0af40038, 0x0af40200, 0x0b0bc000)
 Metaspace       used 18294K, capacity 18505K, committed 18688K, reserved 18816K
Event: 9.212 GC heap after
Heap after GC invocations=66 (full 2):
 def new generation   total 9024K, used 814K [0x04800000, 0x051c0000, 0x09d50000)
  eden space 8064K,   0% used [0x04800000, 0x04800000, 0x04fe0000)
  from space 960K,  84% used [0x050d0000, 0x0519b868, 0x051c0000)
  to   space 960K,   0% used [0x04fe0000, 0x04fe0000, 0x050d0000)
 tenured generation   total 19888K, used 18368K [0x09d50000, 0x0b0bc000, 0x14800000)
   the space 19888K,  92% used [0x09d50000, 0x0af40038, 0x0af40200, 0x0b0bc000)
 Metaspace       used 18294K, capacity 18505K, committed 18688K, reserved 18816K
}
Event: 9.327 GC heap before
{Heap before GC invocations=66 (full 2):
 def new generation   total 9024K, used 8878K [0x04800000, 0x051c0000, 0x09d50000)
  eden space 8064K, 100% used [0x04800000, 0x04fe0000, 0x04fe0000)
  from space 960K,  84% used [0x050d0000, 0x0519b868, 0x051c0000)
  to   space 960K,   0% used [0x04fe0000, 0x04fe0000, 0x050d0000)
 tenured generation   total 19888K, used 18368K [0x09d50000, 0x0b0bc000, 0x14800000)
   the space 19888K,  92% used [0x09d50000, 0x0af40038, 0x0af40200, 0x0b0bc000)
 Metaspace       used 18419K, capacity 18658K, committed 18816K, reserved 18816K
Event: 9.332 GC heap after
Heap after GC invocations=67 (full 2):
 def new generation   total 9024K, used 407K [0x04800000, 0x051c0000, 0x09d50000)
  eden space 8064K,   0% used [0x04800000, 0x04800000, 0x04fe0000)
  from space 960K,  42% used [0x04fe0000, 0x05045d88, 0x050d0000)
  to   space 960K,   0% used [0x050d0000, 0x050d0000, 0x051c0000)
 tenured generation   total 19888K, used 19074K [0x09d50000, 0x0b0bc000, 0x14800000)
   the space 19888K,  95% used [0x09d50000, 0x0aff0930, 0x0aff0a00, 0x0b0bc000)
 Metaspace       used 18419K, capacity 18658K, committed 18816K, reserved 18816K
}
Event: 9.481 GC heap before
{Heap before GC invocations=67 (full 2):
 def new generation   total 9024K, used 8471K [0x04800000, 0x051c0000, 0x09d50000)
  eden space 8064K, 100% used [0x04800000, 0x04fe0000, 0x04fe0000)
  from space 960K,  42% used [0x04fe0000, 0x05045d88, 0x050d0000)
  to   space 960K,   0% used [0x050d0000, 0x050d0000, 0x051c0000)
 tenured generation   total 19888K, used 19074K [0x09d50000, 0x0b0bc000, 0x14800000)
   the space 19888K,  95% used [0x09d50000, 0x0aff0930, 0x0aff0a00, 0x0b0bc000)
 Metaspace       used 18607K, capacity 18820K, committed 18944K, reserved 19840K
Event: 9.488 GC heap after
Heap after GC invocations=68 (full 2):
 def new generation   total 9024K, used 899K [0x04800000, 0x051c0000, 0x09d50000)
  eden space 8064K,   0% used [0x04800000, 0x04800000, 0x04fe0000)
  from space 960K,  93% used [0x050d0000, 0x051b0e28, 0x051c0000)
  to   space 960K,   0% used [0x04fe0000, 0x04fe0000, 0x050d0000)
 tenured generation   total 19888K, used 19074K [0x09d50000, 0x0b0bc000, 0x14800000)
   the space 19888K,  95% used [0x09d50000, 0x0aff0930, 0x0aff0a00, 0x0b0bc000)
 Metaspace       used 18607K, capacity 18820K, committed 18944K, reserved 19840K
}
Event: 9.662 GC heap before
{Heap before GC invocations=68 (full 2):
 def new generation   total 9024K, used 8963K [0x04800000, 0x051c0000, 0x09d50000)
  eden space 8064K, 100% used [0x04800000, 0x04fe0000, 0x04fe0000)
  from space 960K,  93% used [0x050d0000, 0x051b0e28, 0x051c0000)
  to   space 960K,   0% used [0x04fe0000, 0x04fe0000, 0x050d0000)
 tenured generation   total 19888K, used 19074K [0x09d50000, 0x0b0bc000, 0x14800000)
   the space 19888K,  95% used [0x09d50000, 0x0aff0930, 0x0aff0a00, 0x0b0bc000)
 Metaspace       used 18607K, capacity 18820K, committed 18944K, reserved 19840K
Event: 9.667 GC heap after
Heap after GC invocations=69 (full 2):
 def new generation   total 9024K, used 32K [0x04800000, 0x051c0000, 0x09d50000)
  eden space 8064K,   0% used [0x04800000, 0x04800000, 0x04fe0000)
  from space 960K,   3% used [0x04fe0000, 0x04fe83a8, 0x050d0000)
  to   space 960K,   0% used [0x050d0000, 0x050d0000, 0x051c0000)
 tenured generation   total 19888K, used 19868K [0x09d50000, 0x0b0bc000, 0x14800000)
   the space 19888K,  99% used [0x09d50000, 0x0b0b7158, 0x0b0b7200, 0x0b0bc000)
 Metaspace       used 18607K, capacity 18820K, committed 18944K, reserved 19840K
}
Event: 9.827 GC heap before
{Heap before GC invocations=69 (full 2):
 def new generation   total 9024K, used 8096K [0x04800000, 0x051c0000, 0x09d50000)
  eden space 8064K, 100% used [0x04800000, 0x04fe0000, 0x04fe0000)
  from space 960K,   3% used [0x04fe0000, 0x04fe83a8, 0x050d0000)
  to   space 960K,   0% used [0x050d0000, 0x050d0000, 0x051c0000)
 tenured generation   total 19888K, used 19868K [0x09d50000, 0x0b0bc000, 0x14800000)
   the space 19888K,  99% used [0x09d50000, 0x0b0b7158, 0x0b0b7200, 0x0b0bc000)
 Metaspace       used 18762K, capacity 19000K, committed 19200K, reserved 19840K
Event: 9.831 GC heap after
Heap after GC invocations=70 (full 2):
 def new generation   total 9024K, used 541K [0x04800000, 0x051c0000, 0x09d50000)
  eden space 8064K,   0% used [0x04800000, 0x04800000, 0x04fe0000)
  from space 960K,  56% used [0x050d0000, 0x051576a8, 0x051c0000)
  to   space 960K,   0% used [0x04fe0000, 0x04fe0000, 0x050d0000)
 tenured generation   total 19888K, used 19868K [0x09d50000, 0x0b0bc000, 0x14800000)
   the space 19888K,  99% used [0x09d50000, 0x0b0b7158, 0x0b0b7200, 0x0b0bc000)
 Metaspace       used 18762K, capacity 19000K, committed 19200K, reserved 19840K
}

